2014-12-14 06:06:42.037 SongIllustratorOSX[2588:e07] *** Terminating app due to uncaught exception 'NSInternalInconsistencyException', reason: 'Error (1000) creating CGSWindow on line 263'
*** Call stack at first throw:
(
	0   CoreFoundation                      0x9b16b6b1 __raiseError + 193
	1   libobjc.A.dylib                     0x9040f091 objc_exception_throw + 162
	2   CoreFoundation                      0x9b16b5cb +[NSException raise:format:] + 139
	3   AppKit                              0x942bb4b3 _NSCreateWindowWithOpaqueShape2 + 1718
	4   AppKit                              0x942b9f3a -[NSWindow _commonAwake] + 4391
	5   AppKit                              0x9418e7fb -[NSWindow _commonInitFrame:styleMask:backing:defer:] + 864
	6   AppKit                              0x9418dde3 -[NSWindow _initContent:styleMask:backing:defer:contentView:] + 1090
	7   AppKit                              0x9418d99a -[NSWindow initWithContentRect:styleMask:backing:defer:] + 70
	8   AppKit                              0x9498119a -[NSWindow init] + 107
	9   ???                                 0x025062bc 0x0 + 38822588
	10  ???                                 0x03d0101c 0x0 + 63967260
	11  ???                                 0x03d00f18 0x0 + 63967000
	12  ???                                 0x03d00e94 0x0 + 63966868
	13  ???                                 0x023e072a 0x0 + 37619498
	14  ???                                 0x000ef0f0 0x0 + 979184
	15  ???                                 0x000ef24f 0x0 + 979535
	16  libmono-2.0.dylib                   0x0020dcdf mono_jit_runtime_invoke + 751
	17  libmono-2.0.dylib                   0x003cf3ff mono_runtime_invoke + 127
	18  libmono-2.0.dylib                   0x003d5111 mono_runtime_exec_main + 401
	19  libmono-2.0.dylib                   0x003d4ed4 mono_runtime_run_main + 628
	20  libmono-2.0.dylib                   0x0028564d mono_jit_exec + 93
	21  libmono-2.0.dylib                   0x00287910 mono_main + 7888
	22  SongIllustratorOSX                  0x0000246a main + 2138
	23  SongIllustratorOSX                  0x00001c05 start + 53
)
